Launching lib/main.dart on macOS in debug mode...
Building macOS application...                                   
warning: no rule to process file '/Users/craig/.pub-cache/hosted/pub.dev/volume_controller-3.4.1/macos/volume_controller/Sources/volume_controller/PrivacyInfo.xcprivacy' of type 'text.xml' for architecture 'arm64' (in target 'volume_controller' from project 'Pods')
✓ Built build/macos/Build/Products/Debug/nzbwatch.app
2026-02-21 09:48:43.058 nzbwatch[10771:2690488] Running with merged UI and platform thread. Experimental.
Failed to foreground app; open returned 1
Syncing files to device macOS...                                
flutter: Resolved executable: /Volumes/DataSSD/source/nzbwatch/packages/nzbwatch_app/build/macos/Build/Products/Debug/nzbwatch.app/Contents/MacOS/nzbwatch
flutter: Trying to load library from: /Volumes/DataSSD/source/nzbwatch/packages/nzbwatch_app/build/macos/Build/Products/Debug/nzbwatch.app/Contents/MacOS/nzbwatch/libnzbwatch_core.dylib
flutter: Failed to load from /Volumes/DataSSD/source/nzbwatch/packages/nzbwatch_app/build/macos/Build/Products/Debug/nzbwatch.app/Contents/MacOS/nzbwatch/libnzbwatch_core.dylib: Invalid argument(s): Failed to load dynamic library '/Volumes/DataSSD/source/nzbwatch/packages/nzbwatch_app/build/macos/Build/Products/Debug/nzbwatch.app/Contents/MacOS/nzbwatch/libnzbwatch_core.dylib': dlopen(/Volumes/DataSSD/source/nzbwatch/packages/nzbwatch_app/build/macos/Build/Products/Debug/nzbwatch.app/Contents/MacOS/nzbwatch/libnzbwatch_core.dylib, 0x0001): tried: '/Volumes/DataSSD/source/nzbwatch/packages/nzbwatch_app/build/macos/Build/Products/Debug/nzbwatch.app/Contents/MacOS/nzbwatch/libnzbwatch_core.dylib' (errno=20), '/System/Volumes/Preboot/Cryptexes/OS/Volumes/DataSSD/source/nzbwatch/packages/nzbwatch_app/build/macos/Build/Products/Debug/nzbwatch.app/Contents/MacOS/nzbwatch/libnzbwatch_core.dylib' (no such file), '/Volumes/DataSSD/source/nzbwatch/packages/nzbwatch_app/build/macos/Build/Products/Debug/nzbwatch.app/Contents/MacOS/nzbwatch/libnzbwatch_core.dylib' (errno=20)
flutter: Trying to load library from: /Volumes/DataSSD/source/nzbwatch/packages/nzbwatch_app/build/macos/Build/Products/Debug/nzbwatch.app/Contents/MacOS/nzbwatch/../Frameworks/libnzbwatch_core.dylib
flutter: Failed to load from /Volumes/DataSSD/source/nzbwatch/packages/nzbwatch_app/build/macos/Build/Products/Debug/nzbwatch.app/Contents/MacOS/nzbwatch/../Frameworks/libnzbwatch_core.dylib: Invalid argument(s): Failed to load dynamic library '/Volumes/DataSSD/source/nzbwatch/packages/nzbwatch_app/build/macos/Build/Products/Debug/nzbwatch.app/Contents/MacOS/nzbwatch/../Frameworks/libnzbwatch_core.dylib': dlopen(/Volumes/DataSSD/source/nzbwatch/packages/nzbwatch_app/build/macos/Build/Products/Debug/nzbwatch.app/Contents/MacOS/nzbwatch/../Frameworks/libnzbwatch_core.dylib, 0x0001): tried: '/Volumes/DataSSD/source/nzbwatch/packages/nzbwatch_app/build/macos/Build/Products/Debug/nzbwatch.app/Contents/MacOS/nzbwatch/../Frameworks/libnzbwatch_core.dylib' (errno=20), '/System/Volumes/Preboot/Cryptexes/OS/Volumes/DataSSD/source/nzbwatch/packages/nzbwatch_app/build/macos/Build/Products/Debug/nzbwatch.app/Contents/MacOS/nzbwatch/../Frameworks/libnzbwatch_core.dylib' (no such file), '/Volumes/DataSSD/source/nzbwatch/packages/nzbwatch_app/build/macos/Build/Products/Debug/nzbwatch.app/Contents/MacOS/nzbwatch/../Frameworks/libnzbwatch_core.dylib' (errno=20)
flutter: Trying to load library from: /Volumes/DataSSD/source/nzbwatch/packages/nzbwatch_app/build/macos/Build/Products/Debug/nzbwatch.app/Contents/MacOS/nzbwatch/../../Frameworks/libnzbwatch_core.dylib
flutter: Failed to load from /Volumes/DataSSD/source/nzbwatch/packages/nzbwatch_app/build/macos/Build/Products/Debug/nzbwatch.app/Contents/MacOS/nzbwatch/../../Frameworks/libnzbwatch_core.dylib: Invalid argument(s): Failed to load dynamic library '/Volumes/DataSSD/source/nzbwatch/packages/nzbwatch_app/build/macos/Build/Products/Debug/nzbwatch.app/Contents/MacOS/nzbwatch/../../Frameworks/libnzbwatch_core.dylib': dlopen(/Volumes/DataSSD/source/nzbwatch/packages/nzbwatch_app/build/macos/Build/Products/Debug/nzbwatch.app/Contents/MacOS/nzbwatch/../../Frameworks/libnzbwatch_core.dylib, 0x0001): tried: '/Volumes/DataSSD/source/nzbwatch/packages/nzbwatch_app/build/macos/Build/Products/Debug/nzbwatch.app/Contents/MacOS/nzbwatch/../../Frameworks/libnzbwatch_core.dylib' (errno=20), '/System/Volumes/Preboot/Cryptexes/OS/Volumes/DataSSD/source/nzbwatch/packages/nzbwatch_app/build/macos/Build/Products/Debug/nzbwatch.app/Contents/MacOS/nzbwatch/../../Frameworks/libnzbwatch_core.dylib' (no such file), '/Volumes/DataSSD/source/nzbwatch/packages/nzbwatch_app/build/macos/Build/Products/Debug/nzbwatch.app/Contents/MacOS/nzbwatch/../../Frameworks/libnzbwatch_core.dylib' (errno=20)
flutter: Trying to load library from: /Volumes/DataSSD/source/nzbwatch/packages/nzbwatch_app/build/macos/Build/Products/Debug/nzbwatch.app/Contents/MacOS/nzbwatch/../../../Frameworks/libnzbwatch_core.dylib
flutter: Failed to load from /Volumes/DataSSD/source/nzbwatch/packages/nzbwatch_app/build/macos/Build/Products/Debug/nzbwatch.app/Contents/MacOS/nzbwatch/../../../Frameworks/libnzbwatch_core.dylib: Invalid argument(s): Failed to load dynamic library '/Volumes/DataSSD/source/nzbwatch/packages/nzbwatch_app/build/macos/Build/Products/Debug/nzbwatch.app/Contents/MacOS/nzbwatch/../../../Frameworks/libnzbwatch_core.dylib': dlopen(/Volumes/DataSSD/source/nzbwatch/packages/nzbwatch_app/build/macos/Build/Products/Debug/nzbwatch.app/Contents/MacOS/nzbwatch/../../../Frameworks/libnzbwatch_core.dylib, 0x0001): tried: '/Volumes/DataSSD/source/nzbwatch/packages/nzbwatch_app/build/macos/Build/Products/Debug/nzbwatch.app/Contents/MacOS/nzbwatch/../../../Frameworks/libnzbwatch_core.dylib' (errno=20), '/System/Volumes/Preboot/Cryptexes/OS/Volumes/DataSSD/source/nzbwatch/packages/nzbwatch_app/build/macos/Build/Products/Debug/nzbwatch.app/Contents/MacOS/nzbwatch/../../../Frameworks/libnzbwatch_core.dylib' (no such file), '/Volumes/DataSSD/source/nzbwatch/packages/nzbwatch_app/build/macos/Build/Products/Debug/nzbwatch.app/Contents/MacOS/nzbwatch/../../../Frameworks/libnzbwatch_core.dylib' (errno=20)
flutter: Trying to load library from: /Volumes/DataSSD/source/nzbwatch/packages/nzbwatch_app/macos/Frameworks/libnzbwatch_core.dylib
Syncing files to device macOS...                                   147ms
flutter: Failed to load from /Volumes/DataSSD/source/nzbwatch/packages/nzbwatch_app/macos/Frameworks/libnzbwatch_core.dylib: Invalid argument(s): Failed to load dynamic library '/Volumes/DataSSD/source/nzbwatch/packages/nzbwatch_app/macos/Frameworks/libnzbwatch_core.dylib': dlopen(/Volumes/DataSSD/source/nzbwatch/packages/nzbwatch_app/macos/Frameworks/libnzbwatch_core.dylib, 0x0001): tried: '/Volumes/DataSSD/source/nzbwatch/packages/nzbwatch_app/macos/Frameworks/libnzbwatch_core.dylib' (file system sandbox blocked open()), '/System/Volumes/Preboot/Cryptexes/OS/Volumes/DataSSD/source/nzbwatch/packages/nzbwatch_app/macos/Frameworks/libnzbwatch_core.dylib' (no such file), '/Volumes/DataSSD/source/nzbwatch/packages/nzbwatch_app/macos/Frameworks/libnzbwatch_core.dylib' (file system sandbox blocked open())
flutter: Trying to load library from: ./macos/Frameworks/libnzbwatch_core.dylib
flutter: Failed to load from ./macos/Frameworks/libnzbwatch_core.dylib: Invalid argument(s): Failed to load dynamic library './macos/Frameworks/libnzbwatch_core.dylib': dlopen(./macos/Frameworks/libnzbwatch_core.dylib, 0x0001): tried: './macos/Frameworks/libnzbwatch_core.dylib' (no such file), '/System/Volumes/Preboot/Cryptexes/OS./macos/Frameworks/libnzbwatch_core.dylib' (no such file), '/Volumes/DataSSD/source/nzbwatch/packages/nzbwatch_app/build/macos/Build/Products/Debug/nzbwatch.app/Contents/Frameworks/FlutterMacOS.framework/Versions/A/././macos/Frameworks/libnzbwatch_core.dylib' (no such file), '/usr/local/lib/././macos/Frameworks/libnzbwatch_core.dylib' (no such file), '/System/Volumes/Preboot/Cryptexes/OS/usr/local/lib/././macos/Frameworks/libnzbwatch_core.dylib' (no such file), '/Volumes/DataSSD/source/nzbwatch/packages/nzbwatch_app/build/macos/Build/Products/Debug/nzbwatch.app/Contents/Frameworks/FlutterMacOS.framework/Versions/A/../../.././macos/Frameworks/libnzbwatch_core.dylib' (no such file), '/Volumes/DataSSD/source/nzbwatch/packages/nzbwatch_app/build/macos/Build/Products/Debug/nzbwatch.app/Contents/MacOS/./macos/Frameworks/libnzbwatch_core.dylib' (no such file), '/usr/lib/swift/./macos/Frameworks/libnzbwatch_core.dylib' (no such file, not in dyld cache), '/System/Volumes/Preboot/Cryptexes/OS/usr/lib/swift/./macos/Frameworks/libnzbwatch_core.dylib' (no such file), '/Volumes/DataSSD/source/nzbwatch/packages/nzbwatch_app/build/macos/Build/Products/Debug/nzbwatch.app/Contents/Frameworks/./macos/Frameworks/libnzbwatch_core.dylib' (no such file), '/Volumes/DataSSD/source/nzbwatch/packages/nzbwatch_app/build/macos/Build/Products/Debug/nzbwatch.app/Contents/MacOS/Frameworks/./macos/Frameworks/libnzbwatch_core.dylib' (no such file), '/Volumes/DataSSD/Applications/Xcode.app/Contents/Developer/Toolchains/XcodeDefault.xctoolchain/usr/lib/swift/macosx/./macos/Frameworks/libnzbwatch_core.dylib' (no such file), '/System/Volumes/Preboot/Cryptexes/OS/Volumes/DataSSD/Applications/Xcode.app/Contents/Developer/Toolchains/XcodeDefault.xctoolchain/usr/lib/swift/macosx/./macos/Frameworks/libnzbwatch_core.dylib' (no such file), '/usr/lib/./macos/Frameworks/libnzbwatch_core.dylib' (no such file, not in dyld cache), './macos/Frameworks/libnzbwatch_core.dylib' (no such file)
flutter: Trying to load library from: libnzbwatch_core.dylib

Flutter run key commands.
r Hot reload. 🔥🔥🔥
R Hot restart.
h List all available interactive commands.
d Detach (terminate "flutter run" but leave application running).
c Clear the screen
q Quit (terminate the application on the device).

A Dart VM Service on macOS is available at: http://127.0.0.1:58489/ZX0Oyfwe3Xs=/
The Flutter DevTools debugger and profiler on macOS is available at: http://127.0.0.1:58489/ZX0Oyfwe3Xs=/devtools/?uri=ws://127.0.0.1:58489/ZX0Oyfwe3Xs=/ws
flutter: Successfully loaded library from: libnzbwatch_core.dylib
flutter: media_kit: NativeReferenceHolder: Allocated 34565758976
flutter: NZB Parse: Found 148 file(s)
flutter: NZB Parse: Parsed 1 segments, total size: 90336 bytes
flutter: NZB Parse Success: filename=unknown, segments=1
flutter: NZB Parse: Found 66 file(s)
flutter: NZB Parse: Parsed 1 segments, total size: 38176 bytes
flutter: NZB Parse Success: filename=unknown, segments=1
flutter: NZB Parse: Found 148 file(s)
flutter: NZB Parse: Parsed 1 segments, total size: 90336 bytes
flutter: NZB Parse Success: filename=unknown, segments=1
Lost connection to device.
